-------------------------------------------------------------------
         RDDIP.jl (c) Oscar Dowson and contributors, 2017-25
-------------------------------------------------------------------
problem
  nodes           : 3
  state variables : 2
  scenarios       : 2.70000e+01
  existing cuts   : false
options
  solver          : serial mode
  risk measure    : RDDIP.Expectation()
  sampling scheme : RDDIP.InSampleMonteCarlo
subproblem structure
  VariableRef                             : [9, 9]
  AffExpr in MOI.EqualTo{Float64}         : [3, 3]
  VariableRef in MOI.EqualTo{Float64}     : [1, 1]
  VariableRef in MOI.GreaterThan{Float64} : [6, 6]
  VariableRef in MOI.LessThan{Float64}    : [2, 3]
numerical stability report
  matrix range     [1e+00, 1e+00]
  objective range  [1e+00, 2e+02]
  bounds range     [2e+02, 2e+02]
  rhs range        [2e+02, 2e+02]
-------------------------------------------------------------------
 iteration    simulation      bound        time (s)     solves  pid
-------------------------------------------------------------------
         1   2.250000e+04  3.437500e+03  5.396633e+00        12   1
        10   5.000000e+03  8.333333e+03  5.606412e+00       120   1
-------------------------------------------------------------------
status         : iteration_limit
total time (s) : 5.606412e+00
total solves   : 120
best bound     :  8.333333e+03
simulation ci  :  9.406250e+03 ± 3.709377e+03
numeric issues : 0
-------------------------------------------------------------------

