-------------------------------------------------------------------
         SDDP.jl (c) Oscar Dowson and contributors, 2017-25
-------------------------------------------------------------------
problem
  nodes           : 4
  state variables : 1
  scenarios       : 1.00000e+03
  existing cuts   : false
options
  solver          : serial mode
  risk measure    : A convex combination of 0.5 * SDDP.Expectation() + 0.5 * SDDP.AVaR(0.2)
  sampling scheme : SDDP.InSampleMonteCarlo
subproblem structure
  VariableRef                             : [9, 9]
  AffExpr in MOI.EqualTo{Float64}         : [2, 2]
  VariableRef in MOI.EqualTo{Float64}     : [1, 1]
  VariableRef in MOI.GreaterThan{Float64} : [7, 7]
  VariableRef in MOI.LessThan{Float64}    : [6, 7]
numerical stability report
  matrix range     [1e+00, 1e+00]
  objective range  [1e+00, 5e+01]
  bounds range     [2e+01, 2e+02]
  rhs range        [8e+01, 8e+01]
-------------------------------------------------------------------
 iteration    simulation      bound        time (s)     solves  pid
-------------------------------------------------------------------
         1   1.948878e+03  2.847167e+03  4.697830e+00        35   1
        10   7.500000e+02  2.935390e+03  4.976366e+00       350   1
-------------------------------------------------------------------
status         : iteration_limit
total time (s) : 4.976366e+00
total solves   : 350
best bound     :  2.935390e+03
simulation ci  :  1.544902e+03 ± 5.533339e+02
numeric issues : 0
-------------------------------------------------------------------

-------------------------------------------------------------------
         SDDP.jl (c) Oscar Dowson and contributors, 2017-25
-------------------------------------------------------------------
problem
  nodes           : 4
  state variables : 1
  scenarios       : 1.00000e+03
  existing cuts   : false
options
  solver          : serial mode
  risk measure    : A convex combination of 0.5 * SDDP.Expectation() + 0.5 * SDDP.AVaR(0.2)
  sampling scheme : SDDP.InSampleMonteCarlo
subproblem structure
  VariableRef                             : [9, 9]
  AffExpr in MOI.EqualTo{Float64}         : [2, 2]
  VariableRef in MOI.EqualTo{Float64}     : [1, 1]
  VariableRef in MOI.GreaterThan{Float64} : [7, 7]
  VariableRef in MOI.LessThan{Float64}    : [6, 7]
numerical stability report
  matrix range     [1e+00, 1e+00]
  objective range  [1e+00, 5e+01]
  bounds range     [2e+01, 2e+02]
  rhs range        [8e+01, 8e+01]
-------------------------------------------------------------------
 iteration    simulation      bound        time (s)     solves  pid
-------------------------------------------------------------------
         1   1.948878e+03  2.847167e+03  8.198023e-03        35   1
        10   7.500000e+02  2.935390e+03  2.575302e-02       350   1
-------------------------------------------------------------------
status         : iteration_limit
total time (s) : 2.575302e-02
total solves   : 350
best bound     :  2.935390e+03
simulation ci  :  1.544902e+03 ± 5.533339e+02
numeric issues : 0
-------------------------------------------------------------------

-------------------------------------------------------------------
         SDDP.jl (c) Oscar Dowson and contributors, 2017-25
-------------------------------------------------------------------
problem
  nodes           : 4
  state variables : 1
  scenarios       : 1.00000e+03
  existing cuts   : false
options
  solver          : serial mode
  risk measure    : A convex combination of 0.5 * SDDP.Expectation() + 0.5 * SDDP.AVaR(0.2)
  sampling scheme : SDDP.InSampleMonteCarlo
subproblem structure
  VariableRef                             : [9, 9]
  AffExpr in MOI.EqualTo{Float64}         : [2, 2]
  VariableRef in MOI.EqualTo{Float64}     : [1, 1]
  VariableRef in MOI.GreaterThan{Float64} : [7, 7]
  VariableRef in MOI.LessThan{Float64}    : [6, 7]
numerical stability report
  matrix range     [1e+00, 1e+00]
  objective range  [1e+00, 5e+01]
  bounds range     [2e+01, 2e+02]
  rhs range        [8e+01, 8e+01]
-------------------------------------------------------------------
 iteration    simulation      bound        time (s)     solves  pid
-------------------------------------------------------------------
         1   1.948878e+03  2.847167e+03  6.407976e-03        35   1
        10   7.500000e+02  2.935390e+03  2.413893e-02       350   1
-------------------------------------------------------------------
status         : iteration_limit
total time (s) : 2.413893e-02
total solves   : 350
best bound     :  2.935390e+03
simulation ci  :  1.544902e+03 ± 5.533339e+02
numeric issues : 0
-------------------------------------------------------------------

